<?xml version="1.0" encoding="UTF-8"?>
<coverage generated="1552258236014" clover="3.2.0">
  <project timestamp="1552258236014" name="All files">
    <metrics statements="105" coveredstatements="62" conditionals="85" coveredconditionals="60" methods="7" coveredmethods="6" elements="197" coveredelements="128" complexity="0" loc="105" ncloc="105" packages="1" files="1" classes="1"/>
    <file name="GameOfLife.js" path="C:\Users\DARRE\OneDrive\Documents\Winter 2019\CIS 343\JavaScript\GameOfLife\GameOfLife.js">
      <metrics statements="105" coveredstatements="62" conditionals="85" coveredconditionals="60" methods="7" coveredmethods="6"/>
      <line num="16" count="1" type="stmt"/>
      <line num="21" count="1" type="stmt"/>
      <line num="28" count="10" type="stmt"/>
      <line num="29" count="10" type="stmt"/>
      <line num="30" count="10" type="stmt"/>
      <line num="37" count="8" type="stmt"/>
      <line num="38" count="8" type="stmt"/>
      <line num="40" count="8" type="stmt"/>
      <line num="41" count="8" type="stmt"/>
      <line num="42" count="8" type="stmt"/>
      <line num="43" count="8" type="stmt"/>
      <line num="44" count="41" type="stmt"/>
      <line num="45" count="41" type="stmt"/>
      <line num="48" count="8" type="stmt"/>
      <line num="50" count="8" type="stmt"/>
      <line num="51" count="41" type="stmt"/>
      <line num="52" count="211" type="stmt"/>
      <line num="53" count="1091" type="stmt"/>
      <line num="55" count="211" type="stmt"/>
      <line num="63" count="2" type="stmt"/>
      <line num="66" count="2" type="stmt"/>
      <line num="67" count="5" type="stmt"/>
      <line num="72" count="2" type="stmt"/>
      <line num="73" count="2" type="stmt"/>
      <line num="79" count="6" type="stmt"/>
      <line num="80" count="6" type="stmt"/>
      <line num="81" count="31" type="stmt"/>
      <line num="82" count="31" type="stmt"/>
      <line num="86" count="6" type="stmt"/>
      <line num="87" count="6" type="stmt"/>
      <line num="88" count="31" type="stmt"/>
      <line num="89" count="161" type="stmt"/>
      <line num="90" count="161" type="cond" truecount="1" falsecount="1"/>
      <line num="91" count="0" type="cond" truecount="0" falsecount="2"/>
      <line num="93" count="0" type="stmt"/>
      <line num="95" count="0" type="cond" truecount="0" falsecount="4"/>
      <line num="97" count="0" type="stmt"/>
      <line num="99" count="0" type="cond" truecount="0" falsecount="2"/>
      <line num="101" count="0" type="stmt"/>
      <line num="106" count="161" type="cond" truecount="1" falsecount="1"/>
      <line num="108" count="0" type="stmt"/>
      <line num="115" count="6" type="stmt"/>
      <line num="120" count="163" type="stmt"/>
      <line num="124" count="163" type="cond" truecount="6" falsecount="0"/>
      <line num="125" count="106" type="cond" truecount="1" falsecount="1"/>
      <line num="126" count="0" type="stmt"/>
      <line num="131" count="163" type="cond" truecount="6" falsecount="0"/>
      <line num="132" count="131" type="cond" truecount="1" falsecount="1"/>
      <line num="133" count="0" type="stmt"/>
      <line num="138" count="163" type="cond" truecount="6" falsecount="0"/>
      <line num="139" count="106" type="cond" truecount="1" falsecount="1"/>
      <line num="140" count="0" type="stmt"/>
      <line num="145" count="163" type="cond" truecount="6" falsecount="0"/>
      <line num="146" count="131" type="cond" truecount="1" falsecount="1"/>
      <line num="147" count="0" type="stmt"/>
      <line num="152" count="163" type="cond" truecount="6" falsecount="0"/>
      <line num="153" count="132" type="cond" truecount="1" falsecount="1"/>
      <line num="154" count="0" type="stmt"/>
      <line num="159" count="163" type="cond" truecount="6" falsecount="0"/>
      <line num="160" count="106" type="cond" truecount="1" falsecount="1"/>
      <line num="161" count="0" type="stmt"/>
      <line num="166" count="163" type="cond" truecount="6" falsecount="0"/>
      <line num="167" count="132" type="cond" truecount="1" falsecount="1"/>
      <line num="168" count="0" type="stmt"/>
      <line num="173" count="163" type="cond" truecount="6" falsecount="0"/>
      <line num="174" count="107" type="cond" truecount="1" falsecount="1"/>
      <line num="175" count="0" type="stmt"/>
      <line num="178" count="163" type="stmt"/>
      <line num="183" count="7" type="stmt"/>
      <line num="184" count="7" type="stmt"/>
      <line num="185" count="31" type="stmt"/>
      <line num="186" count="161" type="cond" truecount="2" falsecount="0"/>
      <line num="187" count="111" type="stmt"/>
      <line num="189" count="50" type="stmt"/>
      <line num="192" count="31" type="stmt"/>
      <line num="194" count="7" type="stmt"/>
      <line num="201" count="0" type="cond" truecount="0" falsecount="2"/>
      <line num="202" count="0" type="stmt"/>
      <line num="203" count="0" type="stmt"/>
      <line num="204" count="0" type="stmt"/>
      <line num="205" count="0" type="stmt"/>
      <line num="209" count="0" type="stmt"/>
      <line num="212" count="0" type="stmt"/>
      <line num="214" count="0" type="stmt"/>
      <line num="215" count="0" type="stmt"/>
      <line num="218" count="0" type="stmt"/>
      <line num="219" count="0" type="stmt"/>
      <line num="221" count="0" type="stmt"/>
      <line num="223" count="0" type="cond" truecount="0" falsecount="5"/>
      <line num="226" count="0" type="stmt"/>
      <line num="227" count="0" type="stmt"/>
      <line num="228" count="0" type="stmt"/>
      <line num="231" count="0" type="stmt"/>
      <line num="232" count="0" type="stmt"/>
      <line num="233" count="0" type="stmt"/>
      <line num="234" count="0" type="stmt"/>
      <line num="236" count="0" type="stmt"/>
      <line num="239" count="0" type="stmt"/>
      <line num="240" count="0" type="stmt"/>
      <line num="241" count="0" type="stmt"/>
      <line num="242" count="0" type="stmt"/>
      <line num="245" count="0" type="stmt"/>
      <line num="246" count="0" type="stmt"/>
      <line num="247" count="0" type="stmt"/>
      <line num="255" count="1" type="stmt"/>
    </file>
  </project>
</coverage>
