{"C:\\Users\\DARRE\\OneDrive\\Documents\\Winter 2019\\CIS 343\\JavaScript\\GameOfLife\\GameOfLife.js": {"path":"C:\\Users\\DARRE\\OneDrive\\Documents\\Winter 2019\\CIS 343\\JavaScript\\GameOfLife\\GameOfLife.js","statementMap":{"0":{"start":{"line":16,"column":21},"end":{"line":16,"column":45}},"1":{"start":{"line":21,"column":11},"end":{"line":21,"column":24}},"2":{"start":{"line":28,"column":2},"end":{"line":28,"column":17}},"3":{"start":{"line":29,"column":2},"end":{"line":29,"column":16}},"4":{"start":{"line":30,"column":2},"end":{"line":30,"column":16}},"5":{"start":{"line":37,"column":13},"end":{"line":37,"column":42}},"6":{"start":{"line":38,"column":15},"end":{"line":38,"column":30}},"7":{"start":{"line":40,"column":2},"end":{"line":40,"column":39}},"8":{"start":{"line":41,"column":2},"end":{"line":41,"column":39}},"9":{"start":{"line":42,"column":2},"end":{"line":42,"column":35}},"10":{"start":{"line":43,"column":2},"end":{"line":46,"column":3}},"11":{"start":{"line":43,"column":15},"end":{"line":43,"column":16}},"12":{"start":{"line":44,"column":3},"end":{"line":44,"column":39}},"13":{"start":{"line":45,"column":3},"end":{"line":45,"column":24}},"14":{"start":{"line":55,"column":13},"end":{"line":55,"column":40}},"15":{"start":{"line":60,"column":2},"end":{"line":60,"column":15}},"16":{"start":{"line":61,"column":2},"end":{"line":61,"column":30}},"17":{"start":{"line":67,"column":13},"end":{"line":67,"column":33}},"18":{"start":{"line":68,"column":2},"end":{"line":71,"column":3}},"19":{"start":{"line":68,"column":15},"end":{"line":68,"column":16}},"20":{"start":{"line":69,"column":3},"end":{"line":69,"column":34}},"21":{"start":{"line":70,"column":3},"end":{"line":70,"column":19}},"22":{"start":{"line":77,"column":2},"end":{"line":77,"column":19}},"23":{"start":{"line":82,"column":18},"end":{"line":82,"column":19}},"24":{"start":{"line":87,"column":2},"end":{"line":87,"column":19}},"25":{"start":{"line":92,"column":12},"end":{"line":92,"column":16}},"26":{"start":{"line":93,"column":2},"end":{"line":102,"column":3}},"27":{"start":{"line":93,"column":15},"end":{"line":93,"column":16}},"28":{"start":{"line":94,"column":3},"end":{"line":100,"column":4}},"29":{"start":{"line":94,"column":16},"end":{"line":94,"column":17}},"30":{"start":{"line":95,"column":4},"end":{"line":99,"column":5}},"31":{"start":{"line":96,"column":5},"end":{"line":96,"column":18}},"32":{"start":{"line":98,"column":5},"end":{"line":98,"column":18}},"33":{"start":{"line":101,"column":3},"end":{"line":101,"column":15}},"34":{"start":{"line":103,"column":2},"end":{"line":103,"column":13}},"35":{"start":{"line":110,"column":1},"end":{"line":115,"column":2}},"36":{"start":{"line":111,"column":2},"end":{"line":111,"column":62}},"37":{"start":{"line":112,"column":2},"end":{"line":112,"column":57}},"38":{"start":{"line":113,"column":2},"end":{"line":113,"column":57}},"39":{"start":{"line":114,"column":2},"end":{"line":114,"column":18}},"40":{"start":{"line":118,"column":11},"end":{"line":118,"column":27}},"41":{"start":{"line":121,"column":1},"end":{"line":121,"column":31}},"42":{"start":{"line":123,"column":1},"end":{"line":123,"column":70}},"43":{"start":{"line":124,"column":1},"end":{"line":124,"column":29}},"44":{"start":{"line":127,"column":1},"end":{"line":158,"column":2}},"45":{"start":{"line":128,"column":13},"end":{"line":129,"column":50}},"46":{"start":{"line":130,"column":2},"end":{"line":130,"column":35}},"47":{"start":{"line":132,"column":2},"end":{"line":157,"column":3}},"48":{"start":{"line":135,"column":4},"end":{"line":135,"column":17}},"49":{"start":{"line":136,"column":4},"end":{"line":136,"column":32}},"50":{"start":{"line":137,"column":4},"end":{"line":137,"column":10}},"51":{"start":{"line":140,"column":14},"end":{"line":140,"column":70}},"52":{"start":{"line":141,"column":4},"end":{"line":144,"column":5}},"53":{"start":{"line":141,"column":17},"end":{"line":141,"column":18}},"54":{"start":{"line":142,"column":5},"end":{"line":142,"column":18}},"55":{"start":{"line":143,"column":5},"end":{"line":143,"column":33}},"56":{"start":{"line":145,"column":4},"end":{"line":145,"column":10}},"57":{"start":{"line":148,"column":19},"end":{"line":148,"column":62}},"58":{"start":{"line":149,"column":4},"end":{"line":149,"column":34}},"59":{"start":{"line":150,"column":4},"end":{"line":150,"column":57}},"60":{"start":{"line":151,"column":4},"end":{"line":151,"column":10}},"61":{"start":{"line":154,"column":4},"end":{"line":154,"column":35}},"62":{"start":{"line":155,"column":4},"end":{"line":155,"column":20}},"63":{"start":{"line":156,"column":4},"end":{"line":156,"column":10}},"64":{"start":{"line":164,"column":0},"end":{"line":164,"column":28}}},"fnMap":{"0":{"name":"(anonymous_0)","decl":{"start":{"line":27,"column":1},"end":{"line":27,"column":2}},"loc":{"start":{"line":27,"column":15},"end":{"line":31,"column":2}},"line":27},"1":{"name":"(anonymous_1)","decl":{"start":{"line":36,"column":1},"end":{"line":36,"column":2}},"loc":{"start":{"line":36,"column":16},"end":{"line":51,"column":2}},"line":36},"2":{"name":"(anonymous_2)","decl":{"start":{"line":54,"column":1},"end":{"line":54,"column":2}},"loc":{"start":{"line":54,"column":16},"end":{"line":62,"column":2}},"line":54},"3":{"name":"(anonymous_3)","decl":{"start":{"line":65,"column":1},"end":{"line":65,"column":2}},"loc":{"start":{"line":65,"column":10},"end":{"line":78,"column":2}},"line":65},"4":{"name":"(anonymous_4)","decl":{"start":{"line":81,"column":1},"end":{"line":81,"column":2}},"loc":{"start":{"line":81,"column":20},"end":{"line":88,"column":2}},"line":81},"5":{"name":"(anonymous_5)","decl":{"start":{"line":91,"column":1},"end":{"line":91,"column":2}},"loc":{"start":{"line":91,"column":12},"end":{"line":104,"column":2}},"line":91},"6":{"name":"main","decl":{"start":{"line":108,"column":9},"end":{"line":108,"column":13}},"loc":{"start":{"line":108,"column":16},"end":{"line":159,"column":1}},"line":108}},"branchMap":{"0":{"loc":{"start":{"line":95,"column":4},"end":{"line":99,"column":5}},"type":"if","locations":[{"start":{"line":95,"column":4},"end":{"line":99,"column":5}},{"start":{"line":95,"column":4},"end":{"line":99,"column":5}}],"line":95},"1":{"loc":{"start":{"line":110,"column":1},"end":{"line":115,"column":2}},"type":"if","locations":[{"start":{"line":110,"column":1},"end":{"line":115,"column":2}},{"start":{"line":110,"column":1},"end":{"line":115,"column":2}}],"line":110},"2":{"loc":{"start":{"line":132,"column":2},"end":{"line":157,"column":3}},"type":"switch","locations":[{"start":{"line":133,"column":3},"end":{"line":133,"column":12}},{"start":{"line":134,"column":3},"end":{"line":137,"column":10}},{"start":{"line":139,"column":3},"end":{"line":145,"column":10}},{"start":{"line":147,"column":3},"end":{"line":151,"column":10}},{"start":{"line":153,"column":3},"end":{"line":156,"column":10}}],"line":132}},"s":{"0":1,"1":1,"2":10,"3":10,"4":10,"5":8,"6":8,"7":8,"8":8,"9":8,"10":8,"11":8,"12":41,"13":41,"14":2,"15":2,"16":2,"17":6,"18":6,"19":6,"20":31,"21":31,"22":6,"23":2,"24":2,"25":7,"26":7,"27":7,"28":31,"29":31,"30":161,"31":161,"32":0,"33":31,"34":7,"35":0,"36":0,"37":0,"38":0,"39":0,"40":0,"41":0,"42":0,"43":0,"44":0,"45":0,"46":0,"47":0,"48":0,"49":0,"50":0,"51":0,"52":0,"53":0,"54":0,"55":0,"56":0,"57":0,"58":0,"59":0,"60":0,"61":0,"62":0,"63":0,"64":1},"f":{"0":10,"1":8,"2":2,"3":6,"4":2,"5":7,"6":0},"b":{"0":[161,0],"1":[0,0],"2":[0,0,0,0,0]},"_coverageSchema":"43e27e138ebf9cfc5966b082cf9a028302ed4184","hash":"518d8560a7f2caa35a0712ca7b5b3f5884a26416"}
}
