{"C:\\Users\\DARRE\\OneDrive\\Documents\\Winter 2019\\CIS 343\\JavaScript\\GameOfLife\\GameOfLife.js": {"path":"C:\\Users\\DARRE\\OneDrive\\Documents\\Winter 2019\\CIS 343\\JavaScript\\GameOfLife\\GameOfLife.js","statementMap":{"0":{"start":{"line":16,"column":21},"end":{"line":16,"column":45}},"1":{"start":{"line":21,"column":11},"end":{"line":21,"column":24}},"2":{"start":{"line":28,"column":2},"end":{"line":28,"column":17}},"3":{"start":{"line":29,"column":2},"end":{"line":29,"column":16}},"4":{"start":{"line":30,"column":2},"end":{"line":30,"column":16}},"5":{"start":{"line":37,"column":13},"end":{"line":37,"column":42}},"6":{"start":{"line":38,"column":15},"end":{"line":38,"column":30}},"7":{"start":{"line":40,"column":2},"end":{"line":40,"column":39}},"8":{"start":{"line":41,"column":2},"end":{"line":41,"column":39}},"9":{"start":{"line":42,"column":2},"end":{"line":42,"column":35}},"10":{"start":{"line":43,"column":2},"end":{"line":46,"column":3}},"11":{"start":{"line":43,"column":15},"end":{"line":43,"column":16}},"12":{"start":{"line":44,"column":3},"end":{"line":44,"column":39}},"13":{"start":{"line":45,"column":3},"end":{"line":45,"column":24}},"14":{"start":{"line":48,"column":14},"end":{"line":48,"column":15}},"15":{"start":{"line":50,"column":2},"end":{"line":57,"column":3}},"16":{"start":{"line":51,"column":3},"end":{"line":56,"column":4}},"17":{"start":{"line":51,"column":16},"end":{"line":51,"column":17}},"18":{"start":{"line":52,"column":4},"end":{"line":55,"column":5}},"19":{"start":{"line":52,"column":17},"end":{"line":52,"column":18}},"20":{"start":{"line":53,"column":5},"end":{"line":53,"column":47}},"21":{"start":{"line":54,"column":5},"end":{"line":54,"column":13}},"22":{"start":{"line":62,"column":13},"end":{"line":62,"column":40}},"23":{"start":{"line":65,"column":2},"end":{"line":70,"column":3}},"24":{"start":{"line":65,"column":14},"end":{"line":65,"column":15}},"25":{"start":{"line":66,"column":3},"end":{"line":69,"column":4}},"26":{"start":{"line":66,"column":15},"end":{"line":66,"column":16}},"27":{"start":{"line":68,"column":4},"end":{"line":68,"column":44}},"28":{"start":{"line":72,"column":2},"end":{"line":72,"column":15}},"29":{"start":{"line":73,"column":2},"end":{"line":73,"column":30}},"30":{"start":{"line":79,"column":13},"end":{"line":79,"column":33}},"31":{"start":{"line":80,"column":2},"end":{"line":83,"column":3}},"32":{"start":{"line":80,"column":15},"end":{"line":80,"column":16}},"33":{"start":{"line":81,"column":3},"end":{"line":81,"column":34}},"34":{"start":{"line":82,"column":3},"end":{"line":82,"column":19}},"35":{"start":{"line":86,"column":21},"end":{"line":86,"column":22}},"36":{"start":{"line":87,"column":2},"end":{"line":112,"column":3}},"37":{"start":{"line":87,"column":15},"end":{"line":87,"column":16}},"38":{"start":{"line":88,"column":3},"end":{"line":111,"column":4}},"39":{"start":{"line":88,"column":16},"end":{"line":88,"column":17}},"40":{"start":{"line":89,"column":4},"end":{"line":89,"column":53}},"41":{"start":{"line":90,"column":4},"end":{"line":110,"column":5}},"42":{"start":{"line":91,"column":5},"end":{"line":102,"column":6}},"43":{"start":{"line":93,"column":6},"end":{"line":93,"column":21}},"44":{"start":{"line":95,"column":10},"end":{"line":102,"column":6}},"45":{"start":{"line":97,"column":6},"end":{"line":97,"column":21}},"46":{"start":{"line":99,"column":10},"end":{"line":102,"column":6}},"47":{"start":{"line":101,"column":6},"end":{"line":101,"column":21}},"48":{"start":{"line":106,"column":5},"end":{"line":109,"column":6}},"49":{"start":{"line":108,"column":6},"end":{"line":108,"column":21}},"50":{"start":{"line":115,"column":2},"end":{"line":115,"column":19}},"51":{"start":{"line":120,"column":18},"end":{"line":120,"column":19}},"52":{"start":{"line":124,"column":2},"end":{"line":128,"column":3}},"53":{"start":{"line":125,"column":3},"end":{"line":127,"column":4}},"54":{"start":{"line":126,"column":4},"end":{"line":126,"column":16}},"55":{"start":{"line":131,"column":2},"end":{"line":135,"column":3}},"56":{"start":{"line":132,"column":3},"end":{"line":134,"column":4}},"57":{"start":{"line":133,"column":4},"end":{"line":133,"column":16}},"58":{"start":{"line":138,"column":2},"end":{"line":142,"column":3}},"59":{"start":{"line":139,"column":3},"end":{"line":141,"column":4}},"60":{"start":{"line":140,"column":4},"end":{"line":140,"column":16}},"61":{"start":{"line":145,"column":2},"end":{"line":149,"column":3}},"62":{"start":{"line":146,"column":3},"end":{"line":148,"column":4}},"63":{"start":{"line":147,"column":4},"end":{"line":147,"column":16}},"64":{"start":{"line":152,"column":2},"end":{"line":156,"column":3}},"65":{"start":{"line":153,"column":3},"end":{"line":155,"column":4}},"66":{"start":{"line":154,"column":4},"end":{"line":154,"column":16}},"67":{"start":{"line":159,"column":2},"end":{"line":163,"column":3}},"68":{"start":{"line":160,"column":3},"end":{"line":162,"column":4}},"69":{"start":{"line":161,"column":4},"end":{"line":161,"column":16}},"70":{"start":{"line":166,"column":2},"end":{"line":170,"column":3}},"71":{"start":{"line":167,"column":3},"end":{"line":169,"column":4}},"72":{"start":{"line":168,"column":4},"end":{"line":168,"column":16}},"73":{"start":{"line":173,"column":2},"end":{"line":177,"column":3}},"74":{"start":{"line":174,"column":3},"end":{"line":176,"column":4}},"75":{"start":{"line":175,"column":4},"end":{"line":175,"column":16}},"76":{"start":{"line":178,"column":2},"end":{"line":178,"column":19}},"77":{"start":{"line":183,"column":12},"end":{"line":183,"column":16}},"78":{"start":{"line":184,"column":2},"end":{"line":193,"column":3}},"79":{"start":{"line":184,"column":15},"end":{"line":184,"column":16}},"80":{"start":{"line":185,"column":3},"end":{"line":191,"column":4}},"81":{"start":{"line":185,"column":16},"end":{"line":185,"column":17}},"82":{"start":{"line":186,"column":4},"end":{"line":190,"column":5}},"83":{"start":{"line":187,"column":5},"end":{"line":187,"column":18}},"84":{"start":{"line":189,"column":5},"end":{"line":189,"column":18}},"85":{"start":{"line":192,"column":3},"end":{"line":192,"column":15}},"86":{"start":{"line":194,"column":2},"end":{"line":194,"column":13}},"87":{"start":{"line":201,"column":1},"end":{"line":206,"column":2}},"88":{"start":{"line":202,"column":2},"end":{"line":202,"column":62}},"89":{"start":{"line":203,"column":2},"end":{"line":203,"column":57}},"90":{"start":{"line":204,"column":2},"end":{"line":204,"column":57}},"91":{"start":{"line":205,"column":2},"end":{"line":205,"column":18}},"92":{"start":{"line":209,"column":11},"end":{"line":209,"column":27}},"93":{"start":{"line":212,"column":1},"end":{"line":212,"column":31}},"94":{"start":{"line":214,"column":1},"end":{"line":214,"column":70}},"95":{"start":{"line":215,"column":1},"end":{"line":215,"column":29}},"96":{"start":{"line":218,"column":1},"end":{"line":249,"column":2}},"97":{"start":{"line":219,"column":13},"end":{"line":220,"column":50}},"98":{"start":{"line":221,"column":2},"end":{"line":221,"column":35}},"99":{"start":{"line":223,"column":2},"end":{"line":248,"column":3}},"100":{"start":{"line":226,"column":4},"end":{"line":226,"column":17}},"101":{"start":{"line":227,"column":4},"end":{"line":227,"column":32}},"102":{"start":{"line":228,"column":4},"end":{"line":228,"column":10}},"103":{"start":{"line":231,"column":14},"end":{"line":231,"column":70}},"104":{"start":{"line":232,"column":4},"end":{"line":235,"column":5}},"105":{"start":{"line":232,"column":17},"end":{"line":232,"column":18}},"106":{"start":{"line":233,"column":5},"end":{"line":233,"column":18}},"107":{"start":{"line":234,"column":5},"end":{"line":234,"column":33}},"108":{"start":{"line":236,"column":4},"end":{"line":236,"column":10}},"109":{"start":{"line":239,"column":19},"end":{"line":239,"column":62}},"110":{"start":{"line":240,"column":4},"end":{"line":240,"column":34}},"111":{"start":{"line":241,"column":4},"end":{"line":241,"column":57}},"112":{"start":{"line":242,"column":4},"end":{"line":242,"column":10}},"113":{"start":{"line":245,"column":4},"end":{"line":245,"column":35}},"114":{"start":{"line":246,"column":4},"end":{"line":246,"column":20}},"115":{"start":{"line":247,"column":4},"end":{"line":247,"column":10}},"116":{"start":{"line":255,"column":0},"end":{"line":255,"column":28}}},"fnMap":{"0":{"name":"(anonymous_0)","decl":{"start":{"line":27,"column":1},"end":{"line":27,"column":2}},"loc":{"start":{"line":27,"column":15},"end":{"line":31,"column":2}},"line":27},"1":{"name":"(anonymous_1)","decl":{"start":{"line":36,"column":1},"end":{"line":36,"column":2}},"loc":{"start":{"line":36,"column":16},"end":{"line":58,"column":2}},"line":36},"2":{"name":"(anonymous_2)","decl":{"start":{"line":61,"column":1},"end":{"line":61,"column":2}},"loc":{"start":{"line":61,"column":16},"end":{"line":74,"column":2}},"line":61},"3":{"name":"(anonymous_3)","decl":{"start":{"line":77,"column":1},"end":{"line":77,"column":2}},"loc":{"start":{"line":77,"column":10},"end":{"line":116,"column":2}},"line":77},"4":{"name":"(anonymous_4)","decl":{"start":{"line":119,"column":1},"end":{"line":119,"column":2}},"loc":{"start":{"line":119,"column":20},"end":{"line":179,"column":2}},"line":119},"5":{"name":"(anonymous_5)","decl":{"start":{"line":182,"column":1},"end":{"line":182,"column":2}},"loc":{"start":{"line":182,"column":12},"end":{"line":195,"column":2}},"line":182},"6":{"name":"main","decl":{"start":{"line":199,"column":9},"end":{"line":199,"column":13}},"loc":{"start":{"line":199,"column":16},"end":{"line":250,"column":1}},"line":199}},"branchMap":{"0":{"loc":{"start":{"line":90,"column":4},"end":{"line":110,"column":5}},"type":"if","locations":[{"start":{"line":90,"column":4},"end":{"line":110,"column":5}},{"start":{"line":90,"column":4},"end":{"line":110,"column":5}}],"line":90},"1":{"loc":{"start":{"line":91,"column":5},"end":{"line":102,"column":6}},"type":"if","locations":[{"start":{"line":91,"column":5},"end":{"line":102,"column":6}},{"start":{"line":91,"column":5},"end":{"line":102,"column":6}}],"line":91},"2":{"loc":{"start":{"line":95,"column":10},"end":{"line":102,"column":6}},"type":"if","locations":[{"start":{"line":95,"column":10},"end":{"line":102,"column":6}},{"start":{"line":95,"column":10},"end":{"line":102,"column":6}}],"line":95},"3":{"loc":{"start":{"line":95,"column":14},"end":{"line":95,"column":54}},"type":"binary-expr","locations":[{"start":{"line":95,"column":14},"end":{"line":95,"column":32}},{"start":{"line":95,"column":36},"end":{"line":95,"column":54}}],"line":95},"4":{"loc":{"start":{"line":99,"column":10},"end":{"line":102,"column":6}},"type":"if","locations":[{"start":{"line":99,"column":10},"end":{"line":102,"column":6}},{"start":{"line":99,"column":10},"end":{"line":102,"column":6}}],"line":99},"5":{"loc":{"start":{"line":106,"column":5},"end":{"line":109,"column":6}},"type":"if","locations":[{"start":{"line":106,"column":5},"end":{"line":109,"column":6}},{"start":{"line":106,"column":5},"end":{"line":109,"column":6}}],"line":106},"6":{"loc":{"start":{"line":124,"column":2},"end":{"line":128,"column":3}},"type":"if","locations":[{"start":{"line":124,"column":2},"end":{"line":128,"column":3}},{"start":{"line":124,"column":2},"end":{"line":128,"column":3}}],"line":124},"7":{"loc":{"start":{"line":124,"column":6},"end":{"line":124,"column":54}},"type":"binary-expr","locations":[{"start":{"line":124,"column":6},"end":{"line":124,"column":11}},{"start":{"line":124,"column":15},"end":{"line":124,"column":20}},{"start":{"line":124,"column":24},"end":{"line":124,"column":37}},{"start":{"line":124,"column":41},"end":{"line":124,"column":54}}],"line":124},"8":{"loc":{"start":{"line":125,"column":3},"end":{"line":127,"column":4}},"type":"if","locations":[{"start":{"line":125,"column":3},"end":{"line":127,"column":4}},{"start":{"line":125,"column":3},"end":{"line":127,"column":4}}],"line":125},"9":{"loc":{"start":{"line":131,"column":2},"end":{"line":135,"column":3}},"type":"if","locations":[{"start":{"line":131,"column":2},"end":{"line":135,"column":3}},{"start":{"line":131,"column":2},"end":{"line":135,"column":3}}],"line":131},"10":{"loc":{"start":{"line":131,"column":6},"end":{"line":131,"column":57}},"type":"binary-expr","locations":[{"start":{"line":131,"column":6},"end":{"line":131,"column":11}},{"start":{"line":131,"column":15},"end":{"line":131,"column":21}},{"start":{"line":131,"column":25},"end":{"line":131,"column":39}},{"start":{"line":131,"column":43},"end":{"line":131,"column":57}}],"line":131},"11":{"loc":{"start":{"line":132,"column":3},"end":{"line":134,"column":4}},"type":"if","locations":[{"start":{"line":132,"column":3},"end":{"line":134,"column":4}},{"start":{"line":132,"column":3},"end":{"line":134,"column":4}}],"line":132},"12":{"loc":{"start":{"line":138,"column":2},"end":{"line":142,"column":3}},"type":"if","locations":[{"start":{"line":138,"column":2},"end":{"line":142,"column":3}},{"start":{"line":138,"column":2},"end":{"line":142,"column":3}}],"line":138},"13":{"loc":{"start":{"line":138,"column":6},"end":{"line":138,"column":61}},"type":"binary-expr","locations":[{"start":{"line":138,"column":6},"end":{"line":138,"column":11}},{"start":{"line":138,"column":15},"end":{"line":138,"column":21}},{"start":{"line":138,"column":25},"end":{"line":138,"column":38}},{"start":{"line":138,"column":42},"end":{"line":138,"column":61}}],"line":138},"14":{"loc":{"start":{"line":139,"column":3},"end":{"line":141,"column":4}},"type":"if","locations":[{"start":{"line":139,"column":3},"end":{"line":141,"column":4}},{"start":{"line":139,"column":3},"end":{"line":141,"column":4}}],"line":139},"15":{"loc":{"start":{"line":145,"column":2},"end":{"line":149,"column":3}},"type":"if","locations":[{"start":{"line":145,"column":2},"end":{"line":149,"column":3}},{"start":{"line":145,"column":2},"end":{"line":149,"column":3}}],"line":145},"16":{"loc":{"start":{"line":145,"column":6},"end":{"line":145,"column":55}},"type":"binary-expr","locations":[{"start":{"line":145,"column":6},"end":{"line":145,"column":12}},{"start":{"line":145,"column":16},"end":{"line":145,"column":21}},{"start":{"line":145,"column":25},"end":{"line":145,"column":38}},{"start":{"line":145,"column":42},"end":{"line":145,"column":55}}],"line":145},"17":{"loc":{"start":{"line":146,"column":3},"end":{"line":148,"column":4}},"type":"if","locations":[{"start":{"line":146,"column":3},"end":{"line":148,"column":4}},{"start":{"line":146,"column":3},"end":{"line":148,"column":4}}],"line":146},"18":{"loc":{"start":{"line":152,"column":2},"end":{"line":156,"column":3}},"type":"if","locations":[{"start":{"line":152,"column":2},"end":{"line":156,"column":3}},{"start":{"line":152,"column":2},"end":{"line":156,"column":3}}],"line":152},"19":{"loc":{"start":{"line":152,"column":6},"end":{"line":152,"column":62}},"type":"binary-expr","locations":[{"start":{"line":152,"column":6},"end":{"line":152,"column":12}},{"start":{"line":152,"column":16},"end":{"line":152,"column":22}},{"start":{"line":152,"column":26},"end":{"line":152,"column":39}},{"start":{"line":152,"column":43},"end":{"line":152,"column":62}}],"line":152},"20":{"loc":{"start":{"line":153,"column":3},"end":{"line":155,"column":4}},"type":"if","locations":[{"start":{"line":153,"column":3},"end":{"line":155,"column":4}},{"start":{"line":153,"column":3},"end":{"line":155,"column":4}}],"line":153},"21":{"loc":{"start":{"line":159,"column":2},"end":{"line":163,"column":3}},"type":"if","locations":[{"start":{"line":159,"column":2},"end":{"line":163,"column":3}},{"start":{"line":159,"column":2},"end":{"line":163,"column":3}}],"line":159},"22":{"loc":{"start":{"line":159,"column":6},"end":{"line":159,"column":61}},"type":"binary-expr","locations":[{"start":{"line":159,"column":6},"end":{"line":159,"column":12}},{"start":{"line":159,"column":16},"end":{"line":159,"column":21}},{"start":{"line":159,"column":25},"end":{"line":159,"column":44}},{"start":{"line":159,"column":48},"end":{"line":159,"column":61}}],"line":159},"23":{"loc":{"start":{"line":160,"column":3},"end":{"line":162,"column":4}},"type":"if","locations":[{"start":{"line":160,"column":3},"end":{"line":162,"column":4}},{"start":{"line":160,"column":3},"end":{"line":162,"column":4}}],"line":160},"24":{"loc":{"start":{"line":166,"column":2},"end":{"line":170,"column":3}},"type":"if","locations":[{"start":{"line":166,"column":2},"end":{"line":170,"column":3}},{"start":{"line":166,"column":2},"end":{"line":170,"column":3}}],"line":166},"25":{"loc":{"start":{"line":166,"column":6},"end":{"line":166,"column":62}},"type":"binary-expr","locations":[{"start":{"line":166,"column":6},"end":{"line":166,"column":12}},{"start":{"line":166,"column":16},"end":{"line":166,"column":22}},{"start":{"line":166,"column":26},"end":{"line":166,"column":45}},{"start":{"line":166,"column":49},"end":{"line":166,"column":62}}],"line":166},"26":{"loc":{"start":{"line":167,"column":3},"end":{"line":169,"column":4}},"type":"if","locations":[{"start":{"line":167,"column":3},"end":{"line":169,"column":4}},{"start":{"line":167,"column":3},"end":{"line":169,"column":4}}],"line":167},"27":{"loc":{"start":{"line":173,"column":2},"end":{"line":177,"column":3}},"type":"if","locations":[{"start":{"line":173,"column":2},"end":{"line":177,"column":3}},{"start":{"line":173,"column":2},"end":{"line":177,"column":3}}],"line":173},"28":{"loc":{"start":{"line":173,"column":6},"end":{"line":173,"column":68}},"type":"binary-expr","locations":[{"start":{"line":173,"column":6},"end":{"line":173,"column":12}},{"start":{"line":173,"column":16},"end":{"line":173,"column":22}},{"start":{"line":173,"column":26},"end":{"line":173,"column":45}},{"start":{"line":173,"column":49},"end":{"line":173,"column":68}}],"line":173},"29":{"loc":{"start":{"line":174,"column":3},"end":{"line":176,"column":4}},"type":"if","locations":[{"start":{"line":174,"column":3},"end":{"line":176,"column":4}},{"start":{"line":174,"column":3},"end":{"line":176,"column":4}}],"line":174},"30":{"loc":{"start":{"line":186,"column":4},"end":{"line":190,"column":5}},"type":"if","locations":[{"start":{"line":186,"column":4},"end":{"line":190,"column":5}},{"start":{"line":186,"column":4},"end":{"line":190,"column":5}}],"line":186},"31":{"loc":{"start":{"line":201,"column":1},"end":{"line":206,"column":2}},"type":"if","locations":[{"start":{"line":201,"column":1},"end":{"line":206,"column":2}},{"start":{"line":201,"column":1},"end":{"line":206,"column":2}}],"line":201},"32":{"loc":{"start":{"line":223,"column":2},"end":{"line":248,"column":3}},"type":"switch","locations":[{"start":{"line":224,"column":3},"end":{"line":224,"column":12}},{"start":{"line":225,"column":3},"end":{"line":228,"column":10}},{"start":{"line":230,"column":3},"end":{"line":236,"column":10}},{"start":{"line":238,"column":3},"end":{"line":242,"column":10}},{"start":{"line":244,"column":3},"end":{"line":247,"column":10}}],"line":223}},"s":{"0":1,"1":1,"2":10,"3":10,"4":10,"5":8,"6":8,"7":8,"8":8,"9":8,"10":8,"11":8,"12":41,"13":41,"14":8,"15":8,"16":8,"17":8,"18":41,"19":41,"20":211,"21":211,"22":2,"23":2,"24":2,"25":5,"26":5,"27":25,"28":2,"29":2,"30":6,"31":6,"32":6,"33":31,"34":31,"35":6,"36":6,"37":6,"38":31,"39":31,"40":161,"41":161,"42":23,"43":6,"44":17,"45":13,"46":4,"47":4,"48":138,"49":10,"50":6,"51":172,"52":172,"53":111,"54":23,"55":172,"56":138,"57":26,"58":172,"59":111,"60":20,"61":172,"62":138,"63":23,"64":172,"65":138,"66":20,"67":172,"68":111,"69":23,"70":172,"71":138,"72":26,"73":172,"74":111,"75":20,"76":172,"77":7,"78":7,"79":7,"80":31,"81":31,"82":161,"83":138,"84":23,"85":31,"86":7,"87":0,"88":0,"89":0,"90":0,"91":0,"92":0,"93":0,"94":0,"95":0,"96":0,"97":0,"98":0,"99":0,"100":0,"101":0,"102":0,"103":0,"104":0,"105":0,"106":0,"107":0,"108":0,"109":0,"110":0,"111":0,"112":0,"113":0,"114":0,"115":0,"116":1},"f":{"0":10,"1":8,"2":2,"3":6,"4":172,"5":7,"6":0},"b":{"0":[23,138],"1":[6,17],"2":[13,4],"3":[17,4],"4":[4,0],"5":[10,128],"6":[111,61],"7":[172,138,111,111],"8":[23,88],"9":[138,34],"10":[172,138,138,138],"11":[26,112],"12":[111,61],"13":[172,138,138,138],"14":[20,91],"15":[138,34],"16":[172,172,138,138],"17":[23,115],"18":[138,34],"19":[172,172,172,172],"20":[20,118],"21":[111,61],"22":[172,172,138,111],"23":[23,88],"24":[138,34],"25":[172,172,172,138],"26":[26,112],"27":[111,61],"28":[172,172,172,138],"29":[20,91],"30":[138,23],"31":[0,0],"32":[0,0,0,0,0]},"_coverageSchema":"43e27e138ebf9cfc5966b082cf9a028302ed4184","hash":"6c48a28a74b5d2f9f7a49b35c9e95035bfe3a21a"}
}
