TN:
SF:C:\Users\DARRE\OneDrive\Documents\Winter 2019\CIS 343\JavaScript\GameOfLife\GameOfLife.js
FN:27,(anonymous_0)
FN:36,(anonymous_1)
FN:62,(anonymous_2)
FN:77,(anonymous_3)
FN:119,(anonymous_4)
FN:182,(anonymous_5)
FN:199,main
FNF:7
FNH:6
FNDA:10,(anonymous_0)
FNDA:8,(anonymous_1)
FNDA:2,(anonymous_2)
FNDA:6,(anonymous_3)
FNDA:163,(anonymous_4)
FNDA:7,(anonymous_5)
FNDA:0,main
DA:16,1
DA:21,1
DA:28,10
DA:29,10
DA:30,10
DA:37,8
DA:38,8
DA:40,8
DA:41,8
DA:42,8
DA:43,8
DA:44,41
DA:45,41
DA:48,8
DA:50,8
DA:51,41
DA:52,211
DA:53,1091
DA:55,211
DA:63,2
DA:66,2
DA:67,5
DA:72,2
DA:73,2
DA:79,6
DA:80,6
DA:81,31
DA:82,31
DA:86,6
DA:87,6
DA:88,31
DA:89,161
DA:90,161
DA:91,0
DA:93,0
DA:95,0
DA:97,0
DA:99,0
DA:101,0
DA:106,161
DA:108,0
DA:115,6
DA:120,163
DA:124,163
DA:125,106
DA:126,0
DA:131,163
DA:132,131
DA:133,0
DA:138,163
DA:139,106
DA:140,0
DA:145,163
DA:146,131
DA:147,0
DA:152,163
DA:153,132
DA:154,0
DA:159,163
DA:160,106
DA:161,0
DA:166,163
DA:167,132
DA:168,0
DA:173,163
DA:174,107
DA:175,0
DA:178,163
DA:183,7
DA:184,7
DA:185,31
DA:186,161
DA:187,111
DA:189,50
DA:192,31
DA:194,7
DA:201,0
DA:202,0
DA:203,0
DA:204,0
DA:205,0
DA:209,0
DA:212,0
DA:214,0
DA:215,0
DA:218,0
DA:219,0
DA:221,0
DA:223,0
DA:226,0
DA:227,0
DA:228,0
DA:231,0
DA:232,0
DA:233,0
DA:234,0
DA:236,0
DA:239,0
DA:240,0
DA:241,0
DA:242,0
DA:245,0
DA:246,0
DA:247,0
DA:255,1
LF:105
LH:62
BRDA:90,0,0,0
BRDA:90,0,1,161
BRDA:91,1,0,0
BRDA:91,1,1,0
BRDA:95,2,0,0
BRDA:95,2,1,0
BRDA:95,3,0,0
BRDA:95,3,1,0
BRDA:99,4,0,0
BRDA:99,4,1,0
BRDA:106,5,0,0
BRDA:106,5,1,161
BRDA:124,6,0,106
BRDA:124,6,1,57
BRDA:124,7,0,163
BRDA:124,7,1,131
BRDA:124,7,2,106
BRDA:124,7,3,106
BRDA:125,8,0,0
BRDA:125,8,1,106
BRDA:131,9,0,131
BRDA:131,9,1,32
BRDA:131,10,0,163
BRDA:131,10,1,131
BRDA:131,10,2,131
BRDA:131,10,3,131
BRDA:132,11,0,0
BRDA:132,11,1,131
BRDA:138,12,0,106
BRDA:138,12,1,57
BRDA:138,13,0,163
BRDA:138,13,1,131
BRDA:138,13,2,131
BRDA:138,13,3,131
BRDA:139,14,0,0
BRDA:139,14,1,106
BRDA:145,15,0,131
BRDA:145,15,1,32
BRDA:145,16,0,163
BRDA:145,16,1,163
BRDA:145,16,2,131
BRDA:145,16,3,131
BRDA:146,17,0,0
BRDA:146,17,1,131
BRDA:152,18,0,132
BRDA:152,18,1,31
BRDA:152,19,0,163
BRDA:152,19,1,163
BRDA:152,19,2,163
BRDA:152,19,3,163
BRDA:153,20,0,0
BRDA:153,20,1,132
BRDA:159,21,0,106
BRDA:159,21,1,57
BRDA:159,22,0,163
BRDA:159,22,1,163
BRDA:159,22,2,131
BRDA:159,22,3,106
BRDA:160,23,0,0
BRDA:160,23,1,106
BRDA:166,24,0,132
BRDA:166,24,1,31
BRDA:166,25,0,163
BRDA:166,25,1,163
BRDA:166,25,2,163
BRDA:166,25,3,132
BRDA:167,26,0,0
BRDA:167,26,1,132
BRDA:173,27,0,107
BRDA:173,27,1,56
BRDA:173,28,0,163
BRDA:173,28,1,163
BRDA:173,28,2,163
BRDA:173,28,3,132
BRDA:174,29,0,0
BRDA:174,29,1,107
BRDA:186,30,0,111
BRDA:186,30,1,50
BRDA:201,31,0,0
BRDA:201,31,1,0
BRDA:223,32,0,0
BRDA:223,32,1,0
BRDA:223,32,2,0
BRDA:223,32,3,0
BRDA:223,32,4,0
BRF:85
BRH:60
end_of_record
