TN:
SF:C:\Users\DARRE\OneDrive\Documents\Winter 2019\CIS 343\JavaScript\GameOfLife\GameOfLife.js
FN:27,(anonymous_0)
FN:36,(anonymous_1)
FN:54,(anonymous_2)
FN:65,(anonymous_3)
FN:81,(anonymous_4)
FN:91,(anonymous_5)
FN:108,main
FNF:7
FNH:6
FNDA:10,(anonymous_0)
FNDA:8,(anonymous_1)
FNDA:2,(anonymous_2)
FNDA:6,(anonymous_3)
FNDA:2,(anonymous_4)
FNDA:7,(anonymous_5)
FNDA:0,main
DA:16,1
DA:21,1
DA:28,10
DA:29,10
DA:30,10
DA:37,8
DA:38,8
DA:40,8
DA:41,8
DA:42,8
DA:43,8
DA:44,41
DA:45,41
DA:55,2
DA:60,2
DA:61,2
DA:67,6
DA:68,6
DA:69,31
DA:70,31
DA:77,6
DA:82,2
DA:87,2
DA:92,7
DA:93,7
DA:94,31
DA:95,161
DA:96,161
DA:98,0
DA:101,31
DA:103,7
DA:110,0
DA:111,0
DA:112,0
DA:113,0
DA:114,0
DA:118,0
DA:121,0
DA:123,0
DA:124,0
DA:127,0
DA:128,0
DA:130,0
DA:132,0
DA:135,0
DA:136,0
DA:137,0
DA:140,0
DA:141,0
DA:142,0
DA:143,0
DA:145,0
DA:148,0
DA:149,0
DA:150,0
DA:151,0
DA:154,0
DA:155,0
DA:156,0
DA:164,1
LF:60
LH:31
BRDA:95,0,0,161
BRDA:95,0,1,0
BRDA:110,1,0,0
BRDA:110,1,1,0
BRDA:132,2,0,0
BRDA:132,2,1,0
BRDA:132,2,2,0
BRDA:132,2,3,0
BRDA:132,2,4,0
BRF:9
BRH:1
end_of_record
